C:\Users\Alex\Documents\Legend of Zelda\LOZ - VERSION 5.1\Debug\LOZ.exe
C:\Users\Alex\Documents\Legend of Zelda\LOZ - VERSION 5.1\Debug\LOZ.ilk
C:\Users\Alex\Documents\Legend of Zelda\LOZ - VERSION 5.1\Debug\LOZ.pdb
C:\Users\Alex\Documents\Legend of Zelda\LOZ - VERSION 5.1\LOZ\Debug\Bomb.obj
C:\Users\Alex\Documents\Legend of Zelda\LOZ - VERSION 5.1\LOZ\Debug\Bullet.obj
C:\Users\Alex\Documents\Legend of Zelda\LOZ - VERSION 5.1\LOZ\Debug\CameraControl.obj
C:\Users\Alex\Documents\Legend of Zelda\LOZ - VERSION 5.1\LOZ\Debug\cl.command.1.tlog
C:\Users\Alex\Documents\Legend of Zelda\LOZ - VERSION 5.1\LOZ\Debug\CL.read.1.tlog
C:\Users\Alex\Documents\Legend of Zelda\LOZ - VERSION 5.1\LOZ\Debug\CL.write.1.tlog
C:\Users\Alex\Documents\Legend of Zelda\LOZ - VERSION 5.1\LOZ\Debug\HUD.obj
C:\Users\Alex\Documents\Legend of Zelda\LOZ - VERSION 5.1\LOZ\Debug\link.3412.read.1.tlog
C:\Users\Alex\Documents\Legend of Zelda\LOZ - VERSION 5.1\LOZ\Debug\link.3412.write.1.tlog
C:\Users\Alex\Documents\Legend of Zelda\LOZ - VERSION 5.1\LOZ\Debug\link.3412-cvtres.read.1.tlog
C:\Users\Alex\Documents\Legend of Zelda\LOZ - VERSION 5.1\LOZ\Debug\link.3412-cvtres.write.1.tlog
C:\Users\Alex\Documents\Legend of Zelda\LOZ - VERSION 5.1\LOZ\Debug\link.command.1.tlog
C:\Users\Alex\Documents\Legend of Zelda\LOZ - VERSION 5.1\LOZ\Debug\link.read.1.tlog
C:\Users\Alex\Documents\Legend of Zelda\LOZ - VERSION 5.1\LOZ\Debug\link.write.1.tlog
C:\Users\Alex\Documents\Legend of Zelda\LOZ - VERSION 5.1\LOZ\Debug\link-cvtres.read.1.tlog
C:\Users\Alex\Documents\Legend of Zelda\LOZ - VERSION 5.1\LOZ\Debug\link-cvtres.write.1.tlog
C:\Users\Alex\Documents\Legend of Zelda\LOZ - VERSION 5.1\LOZ\Debug\LOZ.exe.embed.manifest
C:\Users\Alex\Documents\Legend of Zelda\LOZ - VERSION 5.1\LOZ\Debug\LOZ.exe.embed.manifest.res
C:\Users\Alex\Documents\Legend of Zelda\LOZ - VERSION 5.1\LOZ\Debug\LOZ.exe.intermediate.manifest
C:\Users\Alex\Documents\Legend of Zelda\LOZ - VERSION 5.1\LOZ\Debug\LOZ.obj
C:\Users\Alex\Documents\Legend of Zelda\LOZ - VERSION 5.1\LOZ\Debug\LOZ_manifest.rc
C:\Users\Alex\Documents\Legend of Zelda\LOZ - VERSION 5.1\LOZ\Debug\mt.command.1.tlog
C:\Users\Alex\Documents\Legend of Zelda\LOZ - VERSION 5.1\LOZ\Debug\mt.read.1.tlog
C:\Users\Alex\Documents\Legend of Zelda\LOZ - VERSION 5.1\LOZ\Debug\mt.write.1.tlog
C:\Users\Alex\Documents\Legend of Zelda\LOZ - VERSION 5.1\LOZ\Debug\Octorok.obj
C:\Users\Alex\Documents\Legend of Zelda\LOZ - VERSION 5.1\LOZ\Debug\Projectile.obj
C:\Users\Alex\Documents\Legend of Zelda\LOZ - VERSION 5.1\LOZ\Debug\rc.command.1.tlog
C:\Users\Alex\Documents\Legend of Zelda\LOZ - VERSION 5.1\LOZ\Debug\rc.read.1.tlog
C:\Users\Alex\Documents\Legend of Zelda\LOZ - VERSION 5.1\LOZ\Debug\rc.write.1.tlog
C:\Users\Alex\Documents\Legend of Zelda\LOZ - VERSION 5.1\LOZ\Debug\stdafx.obj
C:\Users\Alex\Documents\Legend of Zelda\LOZ - VERSION 5.1\LOZ\Debug\Tektite.obj
C:\Users\Alex\Documents\Legend of Zelda\LOZ - VERSION 5.1\LOZ\Debug\Terrain.obj
C:\Users\Alex\Documents\Legend of Zelda\LOZ - VERSION 5.1\LOZ\Debug\vc100.idb
C:\Users\Alex\Documents\Legend of Zelda\LOZ - VERSION 5.1\LOZ\Debug\vc100.pdb
C:\USERS\KARL\DROPBOX\LEGEND OF ZELDA\LOZ - VERSION 5.1\DEBUG\LOZ.EXE
C:\USERS\KARL\DROPBOX\LEGEND OF ZELDA\LOZ - VERSION 5.1\DEBUG\LOZ.ILK
C:\USERS\KARL\DROPBOX\LEGEND OF ZELDA\LOZ - VERSION 5.1\DEBUG\LOZ.PDB
C:\USERS\KARL\DROPBOX\LEGEND OF ZELDA\LOZ - VERSION 5.1\LOZ\DEBUG\BOMB.OBJ
C:\USERS\KARL\DROPBOX\LEGEND OF ZELDA\LOZ - VERSION 5.1\LOZ\DEBUG\BULLET.OBJ
C:\USERS\KARL\DROPBOX\LEGEND OF ZELDA\LOZ - VERSION 5.1\LOZ\DEBUG\CAMERACONTROL.OBJ
C:\USERS\KARL\DROPBOX\LEGEND OF ZELDA\LOZ - VERSION 5.1\LOZ\DEBUG\HUD.OBJ
C:\USERS\KARL\DROPBOX\LEGEND OF ZELDA\LOZ - VERSION 5.1\LOZ\DEBUG\LOZ.EXE.EMBED.MANIFEST
C:\USERS\KARL\DROPBOX\LEGEND OF ZELDA\LOZ - VERSION 5.1\LOZ\DEBUG\LOZ.EXE.EMBED.MANIFEST.RES
C:\USERS\KARL\DROPBOX\LEGEND OF ZELDA\LOZ - VERSION 5.1\LOZ\DEBUG\LOZ.EXE.INTERMEDIATE.MANIFEST
C:\USERS\KARL\DROPBOX\LEGEND OF ZELDA\LOZ - VERSION 5.1\LOZ\DEBUG\LOZ.OBJ
C:\USERS\KARL\DROPBOX\LEGEND OF ZELDA\LOZ - VERSION 5.1\LOZ\DEBUG\OCTOROK.OBJ
C:\USERS\KARL\DROPBOX\LEGEND OF ZELDA\LOZ - VERSION 5.1\LOZ\DEBUG\PROJECTILE.OBJ
C:\USERS\KARL\DROPBOX\LEGEND OF ZELDA\LOZ - VERSION 5.1\LOZ\DEBUG\STDAFX.OBJ
C:\USERS\KARL\DROPBOX\LEGEND OF ZELDA\LOZ - VERSION 5.1\LOZ\DEBUG\TEKTITE.OBJ
C:\USERS\KARL\DROPBOX\LEGEND OF ZELDA\LOZ - VERSION 5.1\LOZ\DEBUG\TERRAIN.OBJ
C:\USERS\KARL\DROPBOX\LEGEND OF ZELDA\LOZ - VERSION 5.1\LOZ\DEBUG\VC100.PDB
